# JRE version: Java(TM) SE Runtime Environment (8.0_201-b09) (build 1.8.0_201-b09)
# Java VM: Java HotSpot(TM) 64-Bit Server VM (25.201-b09 mixed mode linux-amd64 compressed oops)
Heap:
 PSYoungGen      total 404480K, used 145155K [0x00000000d7180000, 0x00000000f8880000, 0x0000000100000000)
  eden space 384512K, 37% used [0x00000000d7180000,0x00000000dff40c78,0x00000000ee900000)
  from space 19968K, 0% used [0x00000000ee900000,0x00000000ee900000,0x00000000efc80000)
  to   space 19968K, 0% used [0x00000000f7500000,0x00000000f7500000,0x00000000f8880000)
 ParOldGen       total 101888K, used 25101K [0x0000000085400000, 0x000000008b780000, 0x00000000d7180000)
  object space 101888K, 24% used [0x0000000085400000,0x0000000086c83750,0x000000008b780000)
 Metaspace       used 64299K, capacity 67294K, committed 67480K, reserved 1107968K
  class space    used 8787K, capacity 9300K, committed 9384K, reserved 1048576K
GC Heap History (10 events):
Event: 2.586 GC heap before
{Heap before GC invocations=8 (full 1):
 PSYoungGen      total 232960K, used 156458K [0x00000000d7180000, 0x00000000e7b80000, 0x0000000100000000)
  eden space 225280K, 66% used [0x00000000d7180000,0x00000000e0315350,0x00000000e4d80000)
  from space 7680K, 96% used [0x00000000e7400000,0x00000000e7b35778,0x00000000e7b80000)
  to   space 10752K, 0% used [0x00000000e6680000,0x00000000e6680000,0x00000000e7100000)
 ParOldGen       total 49664K, used 7245K [0x0000000085400000, 0x0000000088480000, 0x00000000d7180000)
  object space 49664K, 14% used [0x0000000085400000,0x0000000085b13450,0x0000000088480000)
 Metaspace       used 33722K, capacity 35342K, committed 35496K, reserved 1079296K
  class space    used 4336K, capacity 4662K, committed 4776K, reserved 1048576K
Event: 2.599 GC heap after
Heap after GC invocations=8 (full 1):
 PSYoungGen      total 261632K, used 10727K [0x00000000d7180000, 0x00000000f0a00000, 0x0000000100000000)
  eden space 250880K, 0% used [0x00000000d7180000,0x00000000d7180000,0x00000000e6680000)
  from space 10752K, 99% used [0x00000000e6680000,0x00000000e70f9cd0,0x00000000e7100000)
  to   space 13824K, 0% used [0x00000000efc80000,0x00000000efc80000,0x00000000f0a00000)
 ParOldGen       total 49664K, used 9994K [0x0000000085400000, 0x0000000088480000, 0x00000000d7180000)
  object space 49664K, 20% used [0x0000000085400000,0x0000000085dc2a38,0x0000000088480000)
 Metaspace       used 33722K, capacity 35342K, committed 35496K, reserved 1079296K
  class space    used 4336K, capacity 4662K, committed 4776K, reserved 1048576K
}
Event: 2.599 GC heap before
{Heap before GC invocations=9 (full 2):
 PSYoungGen      total 261632K, used 10727K [0x00000000d7180000, 0x00000000f0a00000, 0x0000000100000000)
  eden space 250880K, 0% used [0x00000000d7180000,0x00000000d7180000,0x00000000e6680000)
  from space 10752K, 99% used [0x00000000e6680000,0x00000000e70f9cd0,0x00000000e7100000)
  to   space 13824K, 0% used [0x00000000efc80000,0x00000000efc80000,0x00000000f0a00000)
 ParOldGen       total 49664K, used 9994K [0x0000000085400000, 0x0000000088480000, 0x00000000d7180000)
  object space 49664K, 20% used [0x0000000085400000,0x0000000085dc2a38,0x0000000088480000)
 Metaspace       used 33722K, capacity 35342K, committed 35496K, reserved 1079296K
  class space    used 4336K, capacity 4662K, committed 4776K, reserved 1048576K
Event: 2.659 GC heap after
Heap after GC invocations=9 (full 2):
 PSYoungGen      total 261632K, used 0K [0x00000000d7180000, 0x00000000f0a00000, 0x0000000100000000)
  eden space 250880K, 0% used [0x00000000d7180000,0x00000000d7180000,0x00000000e6680000)
  from space 10752K, 0% used [0x00000000e6680000,0x00000000e6680000,0x00000000e7100000)
  to   space 13824K, 0% used [0x00000000efc80000,0x00000000efc80000,0x00000000f0a00000)
 ParOldGen       total 75776K, used 17851K [0x0000000085400000, 0x0000000089e00000, 0x00000000d7180000)
  object space 75776K, 23% used [0x0000000085400000,0x000000008656ed50,0x0000000089e00000)
 Metaspace       used 33722K, capacity 35342K, committed 35496K, reserved 1079296K
  class space    used 4336K, capacity 4662K, committed 4776K, reserved 1048576K
}
Event: 4.576 GC heap before
{Heap before GC invocations=10 (full 2):
 PSYoungGen      total 261632K, used 250880K [0x00000000d7180000, 0x00000000f0a00000, 0x0000000100000000)
  eden space 250880K, 100% used [0x00000000d7180000,0x00000000e6680000,0x00000000e6680000)
  from space 10752K, 0% used [0x00000000e6680000,0x00000000e6680000,0x00000000e7100000)
  to   space 13824K, 0% used [0x00000000efc80000,0x00000000efc80000,0x00000000f0a00000)
 ParOldGen       total 75776K, used 17851K [0x0000000085400000, 0x0000000089e00000, 0x00000000d7180000)
  object space 75776K, 23% used [0x0000000085400000,0x000000008656ed50,0x0000000089e00000)
 Metaspace       used 52711K, capacity 54700K, committed 54952K, reserved 1097728K
  class space    used 7153K, capacity 7537K, committed 7592K, reserved 1048576K
Event: 4.605 GC heap after
Heap after GC invocations=10 (full 2):
 PSYoungGen      total 398336K, used 13819K [0x00000000d7180000, 0x00000000f1680000, 0x0000000100000000)
  eden space 384512K, 0% used [0x00000000d7180000,0x00000000d7180000,0x00000000ee900000)
  from space 13824K, 99% used [0x00000000efc80000,0x00000000f09fed90,0x00000000f0a00000)
  to   space 19968K, 0% used [0x00000000ee900000,0x00000000ee900000,0x00000000efc80000)
 ParOldGen       total 75776K, used 26584K [0x0000000085400000, 0x0000000089e00000, 0x00000000d7180000)
  object space 75776K, 35% used [0x0000000085400000,0x0000000086df6340,0x0000000089e00000)
 Metaspace       used 52711K, capacity 54700K, committed 54952K, reserved 1097728K
  class space    used 7153K, capacity 7537K, committed 7592K, reserved 1048576K
}
Event: 5.053 GC heap before
{Heap before GC invocations=11 (full 2):
 PSYoungGen      total 398336K, used 73576K [0x00000000d7180000, 0x00000000f1680000, 0x0000000100000000)
  eden space 384512K, 15% used [0x00000000d7180000,0x00000000dabdb5d8,0x00000000ee900000)
  from space 13824K, 99% used [0x00000000efc80000,0x00000000f09fed90,0x00000000f0a00000)
  to   space 19968K, 0% used [0x00000000ee900000,0x00000000ee900000,0x00000000efc80000)
 ParOldGen       total 75776K, used 26584K [0x0000000085400000, 0x0000000089e00000, 0x00000000d7180000)
  object space 75776K, 35% used [0x0000000085400000,0x0000000086df6340,0x0000000089e00000)
 Metaspace       used 56622K, capacity 59034K, committed 59160K, reserved 1099776K
  class space    used 7687K, capacity 8140K, committed 8232K, reserved 1048576K
Event: 5.063 GC heap after
Heap after GC invocations=11 (full 2):
 PSYoungGen      total 404480K, used 12582K [0x00000000d7180000, 0x00000000f8880000, 0x0000000100000000)
  eden space 384512K, 0% used [0x00000000d7180000,0x00000000d7180000,0x00000000ee900000)
  from space 19968K, 63% used [0x00000000ee900000,0x00000000ef549b40,0x00000000efc80000)
  to   space 19968K, 0% used [0x00000000f7500000,0x00000000f7500000,0x00000000f8880000)
 ParOldGen       total 75776K, used 26592K [0x0000000085400000, 0x0000000089e00000, 0x00000000d7180000)
  object space 75776K, 35% used [0x0000000085400000,0x0000000086df8340,0x0000000089e00000)
 Metaspace       used 56622K, capacity 59034K, committed 59160K, reserved 1099776K
  class space    used 7687K, capacity 8140K, committed 8232K, reserved 1048576K
}
Event: 5.064 GC heap before
{Heap before GC invocations=12 (full 3):
 PSYoungGen      total 404480K, used 12582K [0x00000000d7180000, 0x00000000f8880000, 0x0000000100000000)
  eden space 384512K, 0% used [0x00000000d7180000,0x00000000d7180000,0x00000000ee900000)
  from space 19968K, 63% used [0x00000000ee900000,0x00000000ef549b40,0x00000000efc80000)
  to   space 19968K, 0% used [0x00000000f7500000,0x00000000f7500000,0x00000000f8880000)
 ParOldGen       total 75776K, used 26592K [0x0000000085400000, 0x0000000089e00000, 0x00000000d7180000)
  object space 75776K, 35% used [0x0000000085400000,0x0000000086df8340,0x0000000089e00000)
 Metaspace       used 56622K, capacity 59034K, committed 59160K, reserved 1099776K
  class space    used 7687K, capacity 8140K, committed 8232K, reserved 1048576K
Event: 5.149 GC heap after
Heap after GC invocations=12 (full 3):
 PSYoungGen      total 404480K, used 0K [0x00000000d7180000, 0x00000000f8880000, 0x0000000100000000)
  eden space 384512K, 0% used [0x00000000d7180000,0x00000000d7180000,0x00000000ee900000)
  from space 19968K, 0% used [0x00000000ee900000,0x00000000ee900000,0x00000000efc80000)
  to   space 19968K, 0% used [0x00000000f7500000,0x00000000f7500000,0x00000000f8880000)
 ParOldGen       total 101888K, used 25101K [0x0000000085400000, 0x000000008b780000, 0x00000000d7180000)
  object space 101888K, 24% used [0x0000000085400000,0x0000000086c83750,0x000000008b780000)
 Metaspace       used 56622K, capacity 59034K, committed 59160K, reserved 1099776K
  class space    used 7687K, capacity 8140K, committed 8232K, reserved 1048576K
}

