# JRE version: Java(TM) SE Runtime Environment (8.0_201-b09) (build 1.8.0_201-b09)
# Java VM: Java HotSpot(TM) 64-Bit Server VM (25.201-b09 mixed mode linux-amd64 compressed oops)
Heap:
 PSYoungGen      total 261632K, used 10229K [0x00000000d7180000, 0x00000000f0400000, 0x0000000100000000)
  eden space 251392K, 0% used [0x00000000d7180000,0x00000000d7180000,0x00000000e6700000)
  from space 10240K, 99% used [0x00000000e6700000,0x00000000e70fd7b8,0x00000000e7100000)
  to   space 13824K, 0% used [0x00000000ef680000,0x00000000ef680000,0x00000000f0400000)
 ParOldGen       total 49152K, used 10225K [0x0000000085400000, 0x0000000088400000, 0x00000000d7180000)
  object space 49152K, 20% used [0x0000000085400000,0x0000000085dfc7c0,0x0000000088400000)
 Metaspace       used 33710K, capacity 35330K, committed 35496K, reserved 1079296K
  class space    used 4334K, capacity 4662K, committed 4776K, reserved 1048576K
GC Heap History (10 events):
Event: 1.128 GC heap after
Heap after GC invocations=4 (full 0):
 PSYoungGen      total 132096K, used 5103K [0x00000000d7180000, 0x00000000df780000, 0x0000000100000000)
  eden space 126976K, 0% used [0x00000000d7180000,0x00000000d7180000,0x00000000ded80000)
  from space 5120K, 99% used [0x00000000df280000,0x00000000df77bee0,0x00000000df780000)
  to   space 5120K, 0% used [0x00000000ded80000,0x00000000ded80000,0x00000000df280000)
 ParOldGen       total 84992K, used 4871K [0x0000000085400000, 0x000000008a700000, 0x00000000d7180000)
  object space 84992K, 5% used [0x0000000085400000,0x00000000858c1f30,0x000000008a700000)
 Metaspace       used 18423K, capacity 18994K, committed 19200K, reserved 1067008K
  class space    used 2379K, capacity 2547K, committed 2560K, reserved 1048576K
}
Event: 1.313 GC heap before
{Heap before GC invocations=5 (full 0):
 PSYoungGen      total 132096K, used 30991K [0x00000000d7180000, 0x00000000df780000, 0x0000000100000000)
  eden space 126976K, 20% used [0x00000000d7180000,0x00000000d8ac8110,0x00000000ded80000)
  from space 5120K, 99% used [0x00000000df280000,0x00000000df77bee0,0x00000000df780000)
  to   space 5120K, 0% used [0x00000000ded80000,0x00000000ded80000,0x00000000df280000)
 ParOldGen       total 84992K, used 4871K [0x0000000085400000, 0x000000008a700000, 0x00000000d7180000)
  object space 84992K, 5% used [0x0000000085400000,0x00000000858c1f30,0x000000008a700000)
 Metaspace       used 20615K, capacity 21178K, committed 21296K, reserved 1067008K
  class space    used 2670K, capacity 2831K, committed 2864K, reserved 1048576K
Event: 1.326 GC heap after
Heap after GC invocations=5 (full 0):
 PSYoungGen      total 132096K, used 5097K [0x00000000d7180000, 0x00000000e7d80000, 0x0000000100000000)
  eden space 126976K, 0% used [0x00000000d7180000,0x00000000d7180000,0x00000000ded80000)
  from space 5120K, 99% used [0x00000000ded80000,0x00000000df27a530,0x00000000df280000)
  to   space 10240K, 0% used [0x00000000e7380000,0x00000000e7380000,0x00000000e7d80000)
 ParOldGen       total 84992K, used 6566K [0x0000000085400000, 0x000000008a700000, 0x00000000d7180000)
  object space 84992K, 7% used [0x0000000085400000,0x0000000085a69a68,0x000000008a700000)
 Metaspace       used 20615K, capacity 21178K, committed 21296K, reserved 1067008K
  class space    used 2670K, capacity 2831K, committed 2864K, reserved 1048576K
}
Event: 1.326 GC heap before
{Heap before GC invocations=6 (full 1):
 PSYoungGen      total 132096K, used 5097K [0x00000000d7180000, 0x00000000e7d80000, 0x0000000100000000)
  eden space 126976K, 0% used [0x00000000d7180000,0x00000000d7180000,0x00000000ded80000)
  from space 5120K, 99% used [0x00000000ded80000,0x00000000df27a530,0x00000000df280000)
  to   space 10240K, 0% used [0x00000000e7380000,0x00000000e7380000,0x00000000e7d80000)
 ParOldGen       total 84992K, used 6566K [0x0000000085400000, 0x000000008a700000, 0x00000000d7180000)
  object space 84992K, 7% used [0x0000000085400000,0x0000000085a69a68,0x000000008a700000)
 Metaspace       used 20615K, capacity 21178K, committed 21296K, reserved 1067008K
  class space    used 2670K, capacity 2831K, committed 2864K, reserved 1048576K
Event: 1.347 GC heap after
Heap after GC invocations=6 (full 1):
 PSYoungGen      total 132096K, used 0K [0x00000000d7180000, 0x00000000e7d80000, 0x0000000100000000)
  eden space 126976K, 0% used [0x00000000d7180000,0x00000000d7180000,0x00000000ded80000)
  from space 5120K, 0% used [0x00000000ded80000,0x00000000ded80000,0x00000000df280000)
  to   space 10240K, 0% used [0x00000000e7380000,0x00000000e7380000,0x00000000e7d80000)
 ParOldGen       total 49152K, used 6610K [0x0000000085400000, 0x0000000088400000, 0x00000000d7180000)
  object space 49152K, 13% used [0x0000000085400000,0x0000000085a74aa8,0x0000000088400000)
 Metaspace       used 20615K, capacity 21178K, committed 21296K, reserved 1067008K
  class space    used 2670K, capacity 2831K, committed 2864K, reserved 1048576K
}
Event: 1.834 GC heap before
{Heap before GC invocations=7 (full 1):
 PSYoungGen      total 132096K, used 126976K [0x00000000d7180000, 0x00000000e7d80000, 0x0000000100000000)
  eden space 126976K, 100% used [0x00000000d7180000,0x00000000ded80000,0x00000000ded80000)
  from space 5120K, 0% used [0x00000000ded80000,0x00000000ded80000,0x00000000df280000)
  to   space 10240K, 0% used [0x00000000e7380000,0x00000000e7380000,0x00000000e7d80000)
 ParOldGen       total 49152K, used 6610K [0x0000000085400000, 0x0000000088400000, 0x00000000d7180000)
  object space 49152K, 13% used [0x0000000085400000,0x0000000085a74aa8,0x0000000088400000)
 Metaspace       used 25563K, capacity 26392K, committed 26544K, reserved 1073152K
  class space    used 3277K, capacity 3503K, committed 3504K, reserved 1048576K
Event: 1.844 GC heap after
Heap after GC invocations=7 (full 1):
 PSYoungGen      total 230912K, used 7366K [0x00000000d7180000, 0x00000000e7b00000, 0x0000000100000000)
  eden space 223232K, 0% used [0x00000000d7180000,0x00000000d7180000,0x00000000e4b80000)
  from space 7680K, 95% used [0x00000000e7380000,0x00000000e7ab1aa8,0x00000000e7b00000)
  to   space 10240K, 0% used [0x00000000e6700000,0x00000000e6700000,0x00000000e7100000)
 ParOldGen       total 49152K, used 6618K [0x0000000085400000, 0x0000000088400000, 0x00000000d7180000)
  object space 49152K, 13% used [0x0000000085400000,0x0000000085a76aa8,0x0000000088400000)
 Metaspace       used 25563K, capacity 26392K, committed 26544K, reserved 1073152K
  class space    used 3277K, capacity 3503K, committed 3504K, reserved 1048576K
}
Event: 2.772 GC heap before
{Heap before GC invocations=8 (full 1):
 PSYoungGen      total 230912K, used 158549K [0x00000000d7180000, 0x00000000e7b00000, 0x0000000100000000)
  eden space 223232K, 67% used [0x00000000d7180000,0x00000000e0523a38,0x00000000e4b80000)
  from space 7680K, 95% used [0x00000000e7380000,0x00000000e7ab1aa8,0x00000000e7b00000)
  to   space 10240K, 0% used [0x00000000e6700000,0x00000000e6700000,0x00000000e7100000)
 ParOldGen       total 49152K, used 6618K [0x0000000085400000, 0x0000000088400000, 0x00000000d7180000)
  object space 49152K, 13% used [0x0000000085400000,0x0000000085a76aa8,0x0000000088400000)
 Metaspace       used 33710K, capacity 35330K, committed 35496K, reserved 1079296K
  class space    used 4334K, capacity 4662K, committed 4776K, reserved 1048576K
Event: 2.788 GC heap after
Heap after GC invocations=8 (full 1):
 PSYoungGen      total 261632K, used 10229K [0x00000000d7180000, 0x00000000f0400000, 0x0000000100000000)
  eden space 251392K, 0% used [0x00000000d7180000,0x00000000d7180000,0x00000000e6700000)
  from space 10240K, 99% used [0x00000000e6700000,0x00000000e70fd7b8,0x00000000e7100000)
  to   space 13824K, 0% used [0x00000000ef680000,0x00000000ef680000,0x00000000f0400000)
 ParOldGen       total 49152K, used 10225K [0x0000000085400000, 0x0000000088400000, 0x00000000d7180000)
  object space 49152K, 20% used [0x0000000085400000,0x0000000085dfc7c0,0x0000000088400000)
 Metaspace       used 33710K, capacity 35330K, committed 35496K, reserved 1079296K
  class space    used 4334K, capacity 4662K, committed 4776K, reserved 1048576K
}
Event: 2.788 GC heap before
{Heap before GC invocations=9 (full 2):
 PSYoungGen      total 261632K, used 10229K [0x00000000d7180000, 0x00000000f0400000, 0x0000000100000000)
  eden space 251392K, 0% used [0x00000000d7180000,0x00000000d7180000,0x00000000e6700000)
  from space 10240K, 99% used [0x00000000e6700000,0x00000000e70fd7b8,0x00000000e7100000)
  to   space 13824K, 0% used [0x00000000ef680000,0x00000000ef680000,0x00000000f0400000)
 ParOldGen       total 49152K, used 10225K [0x0000000085400000, 0x0000000088400000, 0x00000000d7180000)
  object space 49152K, 20% used [0x0000000085400000,0x0000000085dfc7c0,0x0000000088400000)
 Metaspace       used 33710K, capacity 35330K, committed 35496K, reserved 1079296K
  class space    used 4334K, capacity 4662K, committed 4776K, reserved 1048576K

