# JRE version: Java(TM) SE Runtime Environment (8.0_201-b09) (build 1.8.0_201-b09)
# Java VM: Java HotSpot(TM) 64-Bit Server VM (25.201-b09 mixed mode linux-amd64 compressed oops)
Heap:
 PSYoungGen      total 366080K, used 54827K [0x00000000d7180000, 0x00000000f1c80000, 0x0000000100000000)
  eden space 352256K, 11% used [0x00000000d7180000,0x00000000d9992b78,0x00000000ec980000)
  from space 13824K, 99% used [0x00000000edd00000,0x00000000eea781b8,0x00000000eea80000)
  to   space 19968K, 0% used [0x00000000ec980000,0x00000000ec980000,0x00000000edd00000)
 ParOldGen       total 77824K, used 26935K [0x0000000085400000, 0x000000008a000000, 0x00000000d7180000)
  object space 77824K, 34% used [0x0000000085400000,0x0000000086e4dc70,0x000000008a000000)
 Metaspace       used 55967K, capacity 58372K, committed 58536K, reserved 1099776K
  class space    used 7613K, capacity 8061K, committed 8104K, reserved 1048576K
GC Heap History (10 events):
Event: 1.258 GC heap before
{Heap before GC invocations=6 (full 1):
 PSYoungGen      total 132096K, used 5107K [0x00000000d7180000, 0x00000000e7d80000, 0x0000000100000000)
  eden space 126976K, 0% used [0x00000000d7180000,0x00000000d7180000,0x00000000ded80000)
  from space 5120K, 99% used [0x00000000ded80000,0x00000000df27cf98,0x00000000df280000)
  to   space 10240K, 0% used [0x00000000e7380000,0x00000000e7380000,0x00000000e7d80000)
 ParOldGen       total 84992K, used 6226K [0x0000000085400000, 0x000000008a700000, 0x00000000d7180000)
  object space 84992K, 7% used [0x0000000085400000,0x0000000085a14b60,0x000000008a700000)
 Metaspace       used 20691K, capacity 21210K, committed 21296K, reserved 1067008K
  class space    used 2671K, capacity 2833K, committed 2864K, reserved 1048576K
Event: 1.294 GC heap after
Heap after GC invocations=6 (full 1):
 PSYoungGen      total 132096K, used 0K [0x00000000d7180000, 0x00000000e7d80000, 0x0000000100000000)
  eden space 126976K, 0% used [0x00000000d7180000,0x00000000d7180000,0x00000000ded80000)
  from space 5120K, 0% used [0x00000000ded80000,0x00000000ded80000,0x00000000df280000)
  to   space 10240K, 0% used [0x00000000e7380000,0x00000000e7380000,0x00000000e7d80000)
 ParOldGen       total 49664K, used 6063K [0x0000000085400000, 0x0000000088480000, 0x00000000d7180000)
  object space 49664K, 12% used [0x0000000085400000,0x00000000859ebfb8,0x0000000088480000)
 Metaspace       used 20690K, capacity 21204K, committed 21296K, reserved 1067008K
  class space    used 2671K, capacity 2832K, committed 2864K, reserved 1048576K
}
Event: 1.901 GC heap before
{Heap before GC invocations=7 (full 1):
 PSYoungGen      total 132096K, used 126976K [0x00000000d7180000, 0x00000000e7d80000, 0x0000000100000000)
  eden space 126976K, 100% used [0x00000000d7180000,0x00000000ded80000,0x00000000ded80000)
  from space 5120K, 0% used [0x00000000ded80000,0x00000000ded80000,0x00000000df280000)
  to   space 10240K, 0% used [0x00000000e7380000,0x00000000e7380000,0x00000000e7d80000)
 ParOldGen       total 49664K, used 6063K [0x0000000085400000, 0x0000000088480000, 0x00000000d7180000)
  object space 49664K, 12% used [0x0000000085400000,0x00000000859ebfb8,0x0000000088480000)
 Metaspace       used 25396K, capacity 26280K, committed 26288K, reserved 1073152K
  class space    used 3247K, capacity 3503K, committed 3504K, reserved 1048576K
Event: 1.908 GC heap after
Heap after GC invocations=7 (full 1):
 PSYoungGen      total 224256K, used 7258K [0x00000000d7180000, 0x00000000e7b00000, 0x0000000100000000)
  eden space 216576K, 0% used [0x00000000d7180000,0x00000000d7180000,0x00000000e4500000)
  from space 7680K, 94% used [0x00000000e7380000,0x00000000e7a96900,0x00000000e7b00000)
  to   space 10240K, 0% used [0x00000000e6700000,0x00000000e6700000,0x00000000e7100000)
 ParOldGen       total 49664K, used 6135K [0x0000000085400000, 0x0000000088480000, 0x00000000d7180000)
  object space 49664K, 12% used [0x0000000085400000,0x00000000859fdfc8,0x0000000088480000)
 Metaspace       used 25396K, capacity 26280K, committed 26288K, reserved 1073152K
  class space    used 3247K, capacity 3503K, committed 3504K, reserved 1048576K
}
Event: 2.818 GC heap before
{Heap before GC invocations=8 (full 1):
 PSYoungGen      total 224256K, used 164378K [0x00000000d7180000, 0x00000000e7b00000, 0x0000000100000000)
  eden space 216576K, 72% used [0x00000000d7180000,0x00000000e0aeff30,0x00000000e4500000)
  from space 7680K, 94% used [0x00000000e7380000,0x00000000e7a96900,0x00000000e7b00000)
  to   space 10240K, 0% used [0x00000000e6700000,0x00000000e6700000,0x00000000e7100000)
 ParOldGen       total 49664K, used 6135K [0x0000000085400000, 0x0000000088480000, 0x00000000d7180000)
  object space 49664K, 12% used [0x0000000085400000,0x00000000859fdfc8,0x0000000088480000)
 Metaspace       used 33725K, capacity 35346K, committed 35496K, reserved 1079296K
  class space    used 4328K, capacity 4662K, committed 4776K, reserved 1048576K
Event: 2.829 GC heap after
Heap after GC invocations=8 (full 1):
 PSYoungGen      total 261632K, used 10212K [0x00000000d7180000, 0x00000000eea80000, 0x0000000100000000)
  eden space 251392K, 0% used [0x00000000d7180000,0x00000000d7180000,0x00000000e6700000)
  from space 10240K, 99% used [0x00000000e6700000,0x00000000e70f90b0,0x00000000e7100000)
  to   space 13824K, 0% used [0x00000000edd00000,0x00000000edd00000,0x00000000eea80000)
 ParOldGen       total 49664K, used 10235K [0x0000000085400000, 0x0000000088480000, 0x00000000d7180000)
  object space 49664K, 20% used [0x0000000085400000,0x0000000085dfeec8,0x0000000088480000)
 Metaspace       used 33725K, capacity 35346K, committed 35496K, reserved 1079296K
  class space    used 4328K, capacity 4662K, committed 4776K, reserved 1048576K
}
Event: 2.829 GC heap before
{Heap before GC invocations=9 (full 2):
 PSYoungGen      total 261632K, used 10212K [0x00000000d7180000, 0x00000000eea80000, 0x0000000100000000)
  eden space 251392K, 0% used [0x00000000d7180000,0x00000000d7180000,0x00000000e6700000)
  from space 10240K, 99% used [0x00000000e6700000,0x00000000e70f90b0,0x00000000e7100000)
  to   space 13824K, 0% used [0x00000000edd00000,0x00000000edd00000,0x00000000eea80000)
 ParOldGen       total 49664K, used 10235K [0x0000000085400000, 0x0000000088480000, 0x00000000d7180000)
  object space 49664K, 20% used [0x0000000085400000,0x0000000085dfeec8,0x0000000088480000)
 Metaspace       used 33725K, capacity 35346K, committed 35496K, reserved 1079296K
  class space    used 4328K, capacity 4662K, committed 4776K, reserved 1048576K
Event: 2.880 GC heap after
Heap after GC invocations=9 (full 2):
 PSYoungGen      total 261632K, used 0K [0x00000000d7180000, 0x00000000eea80000, 0x0000000100000000)
  eden space 251392K, 0% used [0x00000000d7180000,0x00000000d7180000,0x00000000e6700000)
  from space 10240K, 0% used [0x00000000e6700000,0x00000000e6700000,0x00000000e7100000)
  to   space 13824K, 0% used [0x00000000edd00000,0x00000000edd00000,0x00000000eea80000)
 ParOldGen       total 77824K, used 18225K [0x0000000085400000, 0x000000008a000000, 0x00000000d7180000)
  object space 77824K, 23% used [0x0000000085400000,0x00000000865cc550,0x000000008a000000)
 Metaspace       used 33725K, capacity 35346K, committed 35496K, reserved 1079296K
  class space    used 4328K, capacity 4662K, committed 4776K, reserved 1048576K
}
Event: 4.762 GC heap before
{Heap before GC invocations=10 (full 2):
 PSYoungGen      total 261632K, used 251392K [0x00000000d7180000, 0x00000000eea80000, 0x0000000100000000)
  eden space 251392K, 100% used [0x00000000d7180000,0x00000000e6700000,0x00000000e6700000)
  from space 10240K, 0% used [0x00000000e6700000,0x00000000e6700000,0x00000000e7100000)
  to   space 13824K, 0% used [0x00000000edd00000,0x00000000edd00000,0x00000000eea80000)
 ParOldGen       total 77824K, used 18225K [0x0000000085400000, 0x000000008a000000, 0x00000000d7180000)
  object space 77824K, 23% used [0x0000000085400000,0x00000000865cc550,0x000000008a000000)
 Metaspace       used 52708K, capacity 54638K, committed 54952K, reserved 1097728K
  class space    used 7152K, capacity 7536K, committed 7592K, reserved 1048576K
Event: 4.780 GC heap after
Heap after GC invocations=10 (full 2):
 PSYoungGen      total 366080K, used 13792K [0x00000000d7180000, 0x00000000f1c80000, 0x0000000100000000)
  eden space 352256K, 0% used [0x00000000d7180000,0x00000000d7180000,0x00000000ec980000)
  from space 13824K, 99% used [0x00000000edd00000,0x00000000eea781b8,0x00000000eea80000)
  to   space 19968K, 0% used [0x00000000ec980000,0x00000000ec980000,0x00000000edd00000)
 ParOldGen       total 77824K, used 26935K [0x0000000085400000, 0x000000008a000000, 0x00000000d7180000)
  object space 77824K, 34% used [0x0000000085400000,0x0000000086e4dc70,0x000000008a000000)
 Metaspace       used 52708K, capacity 54638K, committed 54952K, reserved 1097728K
  class space    used 7152K, capacity 7536K, committed 7592K, reserved 1048576K
}

